<?xml version="1.0" encoding="UTF-8"?>
<!-- Generated by org.testng.reporters.JUnitReportReporter -->
<testsuite hostname="DESKTOP-T3FD9K3" failures="0" tests="1" name="com.training.regression.tests.RegisterDBTest" time="68.190" errors="0" timestamp="2020-07-09T11:44:06 IST" skipped="0">
  <testcase classname="com.training.regression.tests.RegisterDBTest" name="RegDBTest" time="68.190"/>
  <system-out/>
</testsuite> <!-- com.training.regression.tests.RegisterDBTest -->
