<?xml version="1.0" encoding="UTF-8"?>
<!-- Generated by org.testng.reporters.JUnitReportReporter -->
<testsuite hostname="DESKTOP-T3FD9K3" failures="0" tests="1" name="com.training.sanity.tests.RegisterTests" time="19.077" errors="0" timestamp="2020-06-28T20:03:19 IST" skipped="0">
  <testcase classname="com.training.sanity.tests.RegisterTests" name="validRegisterTest" time="19.077"/>
  <system-out/>
</testsuite> <!-- com.training.sanity.tests.RegisterTests -->
