<?xml version="1.0" encoding="UTF-8"?>
<!-- Generated by org.testng.reporters.JUnitReportReporter -->
<testsuite hostname="DESKTOP-T3FD9K3" failures="0" tests="1" name="com.training.sanity.tests.ViewPropertyTests" time="86.267" errors="0" timestamp="2020-07-03T16:50:30 IST" skipped="0">
  <testcase classname="com.training.sanity.tests.ViewPropertyTests" name="validLoginTest" time="86.267"/>
  <system-out/>
</testsuite> <!-- com.training.sanity.tests.ViewPropertyTests -->
