<?xml version="1.0" encoding="UTF-8"?>
<!-- Generated by org.testng.reporters.JUnitReportReporter -->
<testsuite hostname="DESKTOP-T3FD9K3" failures="0" tests="1" name="com.training.sanity.tests.LoginTests" time="17.309" errors="0" timestamp="2020-06-28T20:31:05 IST" skipped="0">
  <testcase classname="com.training.sanity.tests.LoginTests" name="validLoginTest" time="17.309"/>
  <system-out/>
</testsuite> <!-- com.training.sanity.tests.LoginTests -->
