<?xml version="1.0" encoding="UTF-8"?>
<!-- Generated by org.testng.reporters.JUnitReportReporter -->
<testsuite hostname="DESKTOP-T3FD9K3" failures="0" tests="1" name="com.training.sanity.tests.RegisterTests" time="156.262" errors="0" timestamp="2020-07-01T10:35:58 IST" skipped="0">
  <testcase classname="com.training.sanity.tests.RegisterTests" name="validRegisterTest" time="156.262"/>
  <system-out/>
</testsuite> <!-- com.training.sanity.tests.RegisterTests -->
